This is pdfTeX, Version 3.1415926-2.3-1.40.12 (MiKTeX 2.9) (preloaded format=pdflatex 2011.8.25)  7 SEP 2011 14:00
entering extended mode
**C:/Users/Owner/Documents/csda-writeup/isu.tex
(C:/Users/Owner/Documents/csda-writeup/isu.tex
LaTeX2e <2011/06/27>
Babel <v3.8m> and hyphenation patterns for english, afrikaans, ancientgreek, ar
abic, armenian, assamese, basque, bengali, bokmal, bulgarian, catalan, coptic, 
croatian, czech, danish, dutch, esperanto, estonian, farsi, finnish, french, ga
lician, german, german-x-2009-06-19, greek, gujarati, hindi, hungarian, iceland
ic, indonesian, interlingua, irish, italian, kannada, kurmanji, lao, latin, lat
vian, lithuanian, malayalam, marathi, mongolian, mongolianlmc, monogreek, ngerm
an, ngerman-x-2009-06-19, nynorsk, oriya, panjabi, pinyin, polish, portuguese, 
romanian, russian, sanskrit, serbian, slovak, slovenian, spanish, swedish, swis
sgerman, tamil, telugu, turkish, turkmen, ukenglish, ukrainian, uppersorbian, u
senglishmax, welsh, loaded.
("C:\Program Files (x86)\MiKTeX 2.9\tex\latex\base\article.cls"
Document Class: article 2007/10/19 v1.4h Standard LaTeX document class
("C:\Program Files (x86)\MiKTeX 2.9\tex\latex\base\size11.clo"
File: size11.clo 2007/10/19 v1.4h Standard LaTeX file (size option)
)
\c@part=\count79
\c@section=\count80
\c@subsection=\count81
\c@subsubsection=\count82
\c@paragraph=\count83
\c@subparagraph=\count84
\c@figure=\count85
\c@table=\count86
\abovecaptionskip=\skip41
\belowcaptionskip=\skip42
\bibindent=\dimen102
)
("C:\Program Files (x86)\MiKTeX 2.9\tex\latex\geometry\geometry.sty"
Package: geometry 2010/09/12 v5.6 Page Geometry

("C:\Program Files (x86)\MiKTeX 2.9\tex\latex\graphics\keyval.sty"
Package: keyval 1999/03/16 v1.13 key=value parser (DPC)
\KV@toks@=\toks14
)
("C:\Program Files (x86)\MiKTeX 2.9\tex\generic\oberdiek\ifpdf.sty"
Package: ifpdf 2011/01/30 v2.3 Provides the ifpdf switch (HO)
Package ifpdf Info: pdfTeX in PDF mode is detected.
)
("C:\Program Files (x86)\MiKTeX 2.9\tex\generic\oberdiek\ifvtex.sty"
Package: ifvtex 2010/03/01 v1.5 Switches for detecting VTeX and its modes (HO)
Package ifvtex Info: VTeX not detected.
)
("C:\Program Files (x86)\MiKTeX 2.9\tex\generic\ifxetex\ifxetex.sty"
Package: ifxetex 2010/09/12 v0.6 Provides ifxetex conditional
)
\Gm@cnth=\count87
\Gm@cntv=\count88
\c@Gm@tempcnt=\count89
\Gm@bindingoffset=\dimen103
\Gm@wd@mp=\dimen104
\Gm@odd@mp=\dimen105
\Gm@even@mp=\dimen106
\Gm@layoutwidth=\dimen107
\Gm@layoutheight=\dimen108
\Gm@layouthoffset=\dimen109
\Gm@layoutvoffset=\dimen110
\Gm@dimlist=\toks15

("C:\Program Files (x86)\MiKTeX 2.9\tex\latex\geometry\geometry.cfg"))
("C:\Program Files (x86)\MiKTeX 2.9\tex\latex\graphics\graphicx.sty"
Package: graphicx 1999/02/16 v1.0f Enhanced LaTeX Graphics (DPC,SPQR)

("C:\Program Files (x86)\MiKTeX 2.9\tex\latex\graphics\graphics.sty"
Package: graphics 2009/02/05 v1.0o Standard LaTeX Graphics (DPC,SPQR)

("C:\Program Files (x86)\MiKTeX 2.9\tex\latex\graphics\trig.sty"
Package: trig 1999/03/16 v1.09 sin cos tan (DPC)
)
("C:\Program Files (x86)\MiKTeX 2.9\tex\latex\00miktex\graphics.cfg"
File: graphics.cfg 2007/01/18 v1.5 graphics configuration of teTeX/TeXLive
)
Package graphics Info: Driver file: pdftex.def on input line 91.

("C:\Program Files (x86)\MiKTeX 2.9\tex\latex\pdftex-def\pdftex.def"
File: pdftex.def 2011/05/27 v0.06d Graphics/color for pdfTeX

("C:\Program Files (x86)\MiKTeX 2.9\tex\generic\oberdiek\infwarerr.sty"
Package: infwarerr 2010/04/08 v1.3 Providing info/warning/message (HO)
)
("C:\Program Files (x86)\MiKTeX 2.9\tex\generic\oberdiek\ltxcmds.sty"
Package: ltxcmds 2011/04/18 v1.20 LaTeX kernel commands for general use (HO)
)
\Gread@gobject=\count90
))
\Gin@req@height=\dimen111
\Gin@req@width=\dimen112
)
("C:\Program Files (x86)\MiKTeX 2.9\tex\latex\amsfonts\amssymb.sty"
Package: amssymb 2009/06/22 v3.00

("C:\Program Files (x86)\MiKTeX 2.9\tex\latex\amsfonts\amsfonts.sty"
Package: amsfonts 2009/06/22 v3.00 Basic AMSFonts support
\@emptytoks=\toks16
\symAMSa=\mathgroup4
\symAMSb=\mathgroup5
LaTeX Font Info:    Overwriting math alphabet `\mathfrak' in version `bold'
(Font)                  U/euf/m/n --> U/euf/b/n on input line 96.
))
("C:\Program Files (x86)\MiKTeX 2.9\tex\latex\oberdiek\epstopdf.sty"
Package: epstopdf 2010/02/09 v2.5 Conversion with epstopdf on the fly (HO)

("C:\Program Files (x86)\MiKTeX 2.9\tex\latex\oberdiek\epstopdf-base.sty"
Package: epstopdf-base 2010/02/09 v2.5 Base part for package epstopdf

("C:\Program Files (x86)\MiKTeX 2.9\tex\latex\oberdiek\grfext.sty"
Package: grfext 2010/08/19 v1.1 Managing graphics extensions (HO)

("C:\Program Files (x86)\MiKTeX 2.9\tex\generic\oberdiek\kvdefinekeys.sty"
Package: kvdefinekeys 2011/04/07 v1.3 Defining keys (HO)
))
("C:\Program Files (x86)\MiKTeX 2.9\tex\latex\oberdiek\kvoptions.sty"
Package: kvoptions 2010/12/23 v3.10 Keyval support for LaTeX options (HO)

("C:\Program Files (x86)\MiKTeX 2.9\tex\generic\oberdiek\kvsetkeys.sty"
Package: kvsetkeys 2011/04/07 v1.13 Key value parser (HO)

("C:\Program Files (x86)\MiKTeX 2.9\tex\generic\oberdiek\etexcmds.sty"
Package: etexcmds 2011/02/16 v1.5 Prefix for e-TeX command names (HO)

("C:\Program Files (x86)\MiKTeX 2.9\tex\generic\oberdiek\ifluatex.sty"
Package: ifluatex 2010/03/01 v1.3 Provides the ifluatex switch (HO)
Package ifluatex Info: LuaTeX not detected.
)
Package etexcmds Info: Could not find \expanded.
(etexcmds)             That can mean that you are not using pdfTeX 1.50 or
(etexcmds)             that some package has redefined \expanded.
(etexcmds)             In the latter case, load this package earlier.
)))
("C:\Program Files (x86)\MiKTeX 2.9\tex\generic\oberdiek\pdftexcmds.sty"
Package: pdftexcmds 2011/04/22 v0.16 Utilities of pdfTeX for LuaTeX (HO)
Package pdftexcmds Info: LuaTeX not detected.
Package pdftexcmds Info: \pdf@primitive is available.
Package pdftexcmds Info: \pdf@ifprimitive is available.
Package pdftexcmds Info: \pdfdraftmode found.
)
Package grfext Info: Graphics extension search list:
(grfext)             [.png,.pdf,.jpg,.mps,.jpeg,.jbig2,.jb2,.PNG,.PDF,.JPG,.JPE
G,.JBIG2,.JB2,.eps]
(grfext)             \AppendGraphicsExtensions on input line 452.
))
("C:\Program Files (x86)\MiKTeX 2.9\tex\latex\ulem\ulem.sty"
\UL@box=\box26
\UL@hyphenbox=\box27
\UL@skip=\skip43
\UL@hook=\toks17
\UL@height=\dimen113
\UL@pe=\count91
\UL@pixel=\dimen114
\ULC@box=\box28
Package: ulem 2011/03/18
\ULdepth=\dimen115
)
("C:\Program Files (x86)\MiKTeX 2.9\tex\latex\ltxmisc\url.sty"
\Urlmuskip=\muskip10
Package: url 2006/04/12  ver 3.3  Verb mode for urls, etc.
)
("C:\Program Files (x86)\MiKTeX 2.9\tex\latex\natbib\natbib.sty"
Package: natbib 2010/09/13 8.31b (PWD, AO)
\bibhang=\skip44
\bibsep=\skip45
LaTeX Info: Redefining \cite on input line 694.
\c@NAT@ctr=\count92
)
("C:\Program Files (x86)\MiKTeX 2.9\tex\latex\wrapfig\wrapfig.sty"
\wrapoverhang=\dimen116
\WF@size=\dimen117
\c@WF@wrappedlines=\count93
\WF@box=\box29
\WF@everypar=\toks18
Package: wrapfig 2003/01/31  v 3.6
)
("C:\Program Files (x86)\MiKTeX 2.9\tex\latex\subfig\subfig.sty"
Package: subfig 2005/06/28 ver: 1.3 subfig package

("C:\Program Files (x86)\MiKTeX 2.9\tex\latex\caption\caption.sty"
Package: caption 2011/08/18 v3.2b Customizing captions (AR)

("C:\Program Files (x86)\MiKTeX 2.9\tex\latex\caption\caption3.sty"
Package: caption3 2011/08/18 v1.3b caption3 kernel (AR)
\captionmargin=\dimen118
\captionmargin@=\dimen119
\captionwidth=\dimen120
\caption@indent=\dimen121
\caption@parindent=\dimen122
\caption@hangindent=\dimen123
)
\c@ContinuedFloat=\count94
Package caption Info: wrapfig package is loaded.
)
\c@KVtest=\count95
\sf@farskip=\skip46
\sf@captopadj=\dimen124
\sf@capskip=\skip47
\sf@nearskip=\skip48
\c@subfigure=\count96
\c@subfigure@save=\count97
\c@lofdepth=\count98
\c@subtable=\count99
\c@subtable@save=\count100
\c@lotdepth=\count101
\sf@top=\skip49
\sf@bottom=\skip50
)
(C:\Users\Owner\Documents\csda-writeup\isu.aux)
LaTeX Font Info:    Checking defaults for OML/cmm/m/it on input line 29.
LaTeX Font Info:    ... okay on input line 29.
LaTeX Font Info:    Checking defaults for T1/cmr/m/n on input line 29.
LaTeX Font Info:    ... okay on input line 29.
LaTeX Font Info:    Checking defaults for OT1/cmr/m/n on input line 29.
LaTeX Font Info:    ... okay on input line 29.
LaTeX Font Info:    Checking defaults for OMS/cmsy/m/n on input line 29.
LaTeX Font Info:    ... okay on input line 29.
LaTeX Font Info:    Checking defaults for OMX/cmex/m/n on input line 29.
LaTeX Font Info:    ... okay on input line 29.
LaTeX Font Info:    Checking defaults for U/cmr/m/n on input line 29.
LaTeX Font Info:    ... okay on input line 29.

*geometry* driver: auto-detecting
*geometry* detected driver: pdftex
*geometry* verbose mode - [ preamble ] result:
* driver: pdftex
* paper: letterpaper
* layout: <same size as paper>
* layoutoffset:(h,v)=(0.0pt,0.0pt)
* modes: 
* h-part:(L,W,R)=(92.14519pt, 430.00462pt, 92.14519pt)
* v-part:(T,H,B)=(95.39737pt, 556.47656pt, 143.09605pt)
* \paperwidth=614.295pt
* \paperheight=794.96999pt
* \textwidth=433.62pt
* \textheight=650.43pt
* \oddsidemargin=19.8752pt
* \evensidemargin=19.8752pt
* \topmargin=-13.87262pt
* \headheight=12.0pt
* \headsep=25.0pt
* \topskip=11.0pt
* \footskip=30.0pt
* \marginparwidth=59.0pt
* \marginparsep=10.0pt
* \columnsep=10.0pt
* \skip\footins=10.0pt plus 4.0pt minus 2.0pt
* \hoffset=0.0pt
* \voffset=0.0pt
* \mag=1000
* \@twocolumnfalse
* \@twosidefalse
* \@mparswitchfalse
* \@reversemarginfalse
* (1in=72.27pt=25.4mm, 1cm=28.453pt)

("C:\Program Files (x86)\MiKTeX 2.9\tex\context\base\supp-pdf.mkii"
[Loading MPS to PDF converter (version 2006.09.02).]
\scratchcounter=\count102
\scratchdimen=\dimen125
\scratchbox=\box30
\nofMPsegments=\count103
\nofMParguments=\count104
\everyMPshowfont=\toks19
\MPscratchCnt=\count105
\MPscratchDim=\dimen126
\MPnumerator=\count106
\makeMPintoPDFobject=\count107
\everyMPtoPDFconversion=\toks20
)
Package caption Info: Begin \AtBeginDocument code.
Package caption Info: subfig package 1.2 or 1.3 is loaded.
Package caption Info: End \AtBeginDocument code.
LaTeX Font Info:    Try loading font information for U+msa on input line 30.
 ("C:\Program Files (x86)\MiKTeX 2.9\tex\latex\amsfonts\umsa.fd"
File: umsa.fd 2009/06/22 v3.00 AMS symbols A
)
LaTeX Font Info:    Try loading font information for U+msb on input line 30.

("C:\Program Files (x86)\MiKTeX 2.9\tex\latex\amsfonts\umsb.fd"
File: umsb.fd 2009/06/22 v3.00 AMS symbols B
) [1

{C:/ProgramData/MiKTeX/2.9/pdftex/config/pdftex.map}]

Package natbib Warning: Citation `R2011' on page 2 undefined on input line 51.


Package natbib Warning: Citation `ggplot2' on page 2 undefined on input line 51
.


Package natbib Warning: Citation `RgoogleMaps' on page 2 undefined on input lin
e 51.


Package natbib Warning: Citation `kahle2010' on page 2 undefined on input line 
51.

<images/animal_deaths.png, id=10, 452.4102pt x 413.1435pt>
File: images/animal_deaths.png Graphic file (type png)

<use images/animal_deaths.png>
Package pdftex.def Info: images/animal_deaths.png used on input line 62.
(pdftex.def)             Requested size: 325.215pt x 296.98396pt.

<images/death-rates.png, id=11, 500.5902pt x 252.945pt>
File: images/death-rates.png Graphic file (type png)

<use images/death-rates.png>
Package pdftex.def Info: images/death-rates.png used on input line 70.
(pdftex.def)             Requested size: 361.34999pt x 182.59499pt.
 [2 <C:/Users/Owner/Documents/csda-writeup/images/animal_deaths.png (PNG copy)>
] <images/turtles.png, id=16, 963.6pt x 722.7pt>
File: images/turtles.png Graphic file (type png)

<use images/turtles.png>
Package pdftex.def Info: images/turtles.png used on input line 98.
(pdftex.def)             Requested size: 433.62pt x 325.21199pt.
 [3 <C:/Users/Owner/Documents/csda-writeup/images/death-rates.png>] [4 <C:/User
s/Owner/Documents/csda-writeup/images/turtles.png>]
<images/chron-acute-map.png, id=25, 835.4412pt x 409.2891pt>
File: images/chron-acute-map.png Graphic file (type png)

<use images/chron-acute-map.png>
Package pdftex.def Info: images/chron-acute-map.png used on input line 114.
(pdftex.def)             Requested size: 361.34999pt x 177.02759pt.
 [5]
<images/acute-timeline3.png, id=29, 802.4379pt x 231.7458pt>
File: images/acute-timeline3.png Graphic file (type png)

<use images/acute-timeline3.png>
Package pdftex.def Info: images/acute-timeline3.png used on input line 124.
(pdftex.def)             Requested size: 361.34999pt x 104.36243pt.
 [6 <C:/Users/Owner/Documents/csda-writeup/images/chron-acute-map.png (PNG copy
)> <C:/Users/Owner/Documents/csda-writeup/images/acute-timeline3.png>]
<images/boats-floats-gliders.png, id=34, 866.2764pt x 257.2812pt>
File: images/boats-floats-gliders.png Graphic file (type png)

<use images/boats-floats-gliders.png>
Package pdftex.def Info: images/boats-floats-gliders.png used on input line 137
.
(pdftex.def)             Requested size: 361.34999pt x 107.31932pt.

<images/salinity-time.png, id=35, 416.2752pt x 415.3116pt>
File: images/salinity-time.png Graphic file (type png)

<use images/salinity-time.png>
Package pdftex.def Info: images/salinity-time.png used on input line 144.
(pdftex.def)             Requested size: 202.35622pt x 201.88849pt.

<images/salinity-map.png, id=36, 416.2752pt x 415.3116pt>
File: images/salinity-map.png Graphic file (type png)

<use images/salinity-map.png>
Package pdftex.def Info: images/salinity-map.png used on input line 145.
(pdftex.def)             Requested size: 202.35622pt x 201.88849pt.
 [7 <C:/Users/Owner/Documents/csda-writeup/images/boats-floats-gliders.png (PNG
 copy)> <C:/Users/Owner/Documents/csda-writeup/images/salinity-time.png> <C:/Us
ers/Owner/Documents/csda-writeup/images/salinity-map.png>] <images/deapth-salin
ity.png, id=43, 554.07pt x 309.3156pt>
File: images/deapth-salinity.png Graphic file (type png)

<use images/deapth-salinity.png>
Package pdftex.def Info: images/deapth-salinity.png used on input line 153.
(pdftex.def)             Requested size: 361.34999pt x 201.72768pt.
 [8 <C:/Users/Owner/Documents/csda-writeup/images/deapth-salinity.png>] (C:\Use
rs\Owner\Documents\csda-writeup\isu.bbl

Package natbib Warning: Empty `thebibliography' environment on input line 8.

)
Overfull \hbox (7.55397pt too wide) in paragraph at lines 167--168
\OT1/cmr/m/n/10.95 Aug. 2011. Web. 07 Sept. 2011. <http://www.nmfs.noaa.gov/pr/
species/turtles/green.htm>. 
 []


Overfull \hbox (118.33163pt too wide) in paragraph at lines 169--170
\OT1/cmr/m/n/10.95 Ad-min-is-tra-tion, 15 Aug. 2011. Web. 07 Sept. 2011. <http:
//www.nmfs.noaa.gov/pr/species/turtles/hawksbill.htm>. 
 []


Overfull \hbox (129.9204pt too wide) in paragraph at lines 171--172
\OT1/cmr/m/n/10.95 Ad-min-is-tra-tion, 15 Aug. 2011. Web. 07 Sept. 2011. <http:
//www.nmfs.noaa.gov/pr/species/turtles/kempsridley.htm>. 
 []


Overfull \hbox (110.69704pt too wide) in paragraph at lines 173--174
\OT1/cmr/m/n/10.95 min-is-tra-tion, 15 Aug. 2011. Web. 07 Sept. 2011. <http://w
ww.nmfs.noaa.gov/pr/species/turtles/loggerhead.htm>. 
 []


Overfull \hbox (40.16068pt too wide) in paragraph at lines 177--178
\OT1/cmr/m/n/10.95 tal Pro-tec-tion Agency, 10 Jan. 2011. Web. 07 Sept. 2011. <
http://www.epa.gov/bpspill/pahs.html>. 
 []


Package natbib Warning: There were undefined citations.

[9] (C:\Users\Owner\Documents\csda-writeup\isu.aux) ) 
Here is how much of TeX's memory you used:
 4017 strings out of 494045
 60259 string characters out of 3145969
 130782 words of memory out of 3000000
 7248 multiletter control sequences out of 15000+200000
 11934 words of font info for 46 fonts, out of 3000000 for 9000
 715 hyphenation exceptions out of 8191
 44i,7n,42p,1701b,267s stack positions out of 5000i,500n,10000p,200000b,50000s
<C:/Program Files (x86)/Mi
KTeX 2.9/fonts/type1/public/amsfonts/cm/cmbx10.pfb><C:/Program Files (x86)/MiKT
eX 2.9/fonts/type1/public/amsfonts/cm/cmbx12.pfb><C:/Program Files (x86)/MiKTeX
 2.9/fonts/type1/public/amsfonts/cm/cmr10.pfb><C:/Program Files (x86)/MiKTeX 2.
9/fonts/type1/public/amsfonts/cm/cmr12.pfb><C:/Program Files (x86)/MiKTeX 2.9/f
onts/type1/public/amsfonts/cm/cmr17.pfb><C:/Program Files (x86)/MiKTeX 2.9/font
s/type1/public/amsfonts/cm/cmtt10.pfb>
Output written on isu.pdf (9 pages, 2098195 bytes).
PDF statistics:
 71 PDF objects out of 1000 (max. 8388607)
 0 named destinations out of 1000 (max. 500000)
 46 words of extra memory for PDF output out of 10000 (max. 10000000)

